2012-10-18 01:17:04 Warning: Warning (2): Missing argument 1 for SchoolsController::siswa_kelas(), called in C:\xampp\htdocs\tipek\cake\libs\object.php on line 116 and defined in [APP\controllers\schools_controller.php, line 133]
2012-10-18 01:17:20 Warning: Warning (2): Missing argument 1 for SchoolsController::siswa_kelas(), called in C:\xampp\htdocs\tipek\cake\libs\object.php on line 116 and defined in [APP\controllers\schools_controller.php, line 133]
2012-10-18 01:56:59 Warning: Warning (2): Missing argument 1 for SchoolsController::siswa_agama(), called in C:\xampp\htdocs\tipek\cake\libs\object.php on line 116 and defined in [APP\controllers\schools_controller.php, line 145]
2012-10-18 02:01:20 Warning: Warning (2): Missing argument 1 for SchoolsController::siswa_agama(), called in C:\xampp\htdocs\tipek\cake\libs\object.php on line 116 and defined in [APP\controllers\schools_controller.php, line 145]
2012-10-18 02:46:07 Warning: Warning (2): Missing argument 1 for SchoolsController::rekap_siswa(), called in C:\xampp\htdocs\tipek\cake\libs\object.php on line 116 and defined in [APP\controllers\schools_controller.php, line 208]
2012-10-18 02:47:56 Warning: Warning (2): Missing argument 1 for SchoolsController::rekap_siswa(), called in C:\xampp\htdocs\tipek\cake\libs\object.php on line 116 and defined in [APP\controllers\schools_controller.php, line 208]
2012-10-18 02:48:03 Warning: Warning (2): Missing argument 1 for SchoolsController::rekap_siswa(), called in C:\xampp\htdocs\tipek\cake\libs\object.php on line 116 and defined in [APP\controllers\schools_controller.php, line 208]
2012-10-18 02:48:12 Warning: Warning (2): Missing argument 1 for SchoolsController::rekap_siswa(), called in C:\xampp\htdocs\tipek\cake\libs\object.php on line 116 and defined in [APP\controllers\schools_controller.php, line 208]
2012-10-18 03:08:20 Warning: Warning (2): Missing argument 1 for SchoolsController::ptk_jabatan(), called in C:\xampp\htdocs\tipek\cake\libs\object.php on line 116 and defined in [APP\controllers\schools_controller.php, line 217]
2012-10-18 03:11:07 Warning: Warning (2): Missing argument 1 for SchoolsController::ptk_jabatan(), called in C:\xampp\htdocs\tipek\cake\libs\object.php on line 116 and defined in [APP\controllers\schools_controller.php, line 217]
2012-10-18 03:45:40 Warning: Warning (2): Missing argument 1 for SchoolsController::ptk_jabatan(), called in C:\xampp\htdocs\tipek\cake\libs\object.php on line 116 and defined in [APP\controllers\schools_controller.php, line 217]
2012-10-18 04:14:04 Warning: Warning (2): Missing argument 1 for SchoolsController::biaya_penerimaan(), called in C:\xampp\htdocs\tipek\cake\libs\object.php on line 116 and defined in [APP\controllers\schools_controller.php, line 262]
2012-10-18 04:18:48 Warning: Warning (2): Missing argument 1 for SchoolsController::biaya_pengeluaran(), called in C:\xampp\htdocs\tipek\cake\libs\object.php on line 116 and defined in [APP\controllers\schools_controller.php, line 271]
2012-10-18 04:20:02 Warning: Warning (2): Missing argument 1 for SchoolsController::biaya_penerimaan(), called in C:\xampp\htdocs\tipek\cake\libs\object.php on line 116 and defined in [APP\controllers\schools_controller.php, line 262]
2012-10-18 04:27:17 Warning: Warning (2): Missing argument 1 for SchoolsController::biaya_pengeluaran(), called in C:\xampp\htdocs\tipek\cake\libs\object.php on line 116 and defined in [APP\controllers\schools_controller.php, line 271]
2012-10-18 04:27:20 Warning: Warning (2): Missing argument 1 for SchoolsController::biaya_tw1(), called in C:\xampp\htdocs\tipek\cake\libs\object.php on line 116 and defined in [APP\controllers\schools_controller.php, line 280]
2012-10-18 04:27:23 Warning: Warning (2): Missing argument 1 for SchoolsController::biaya_tw2(), called in C:\xampp\htdocs\tipek\cake\libs\object.php on line 116 and defined in [APP\controllers\schools_controller.php, line 289]
2012-10-18 04:27:26 Warning: Warning (2): Missing argument 1 for SchoolsController::biaya_tw3(), called in C:\xampp\htdocs\tipek\cake\libs\object.php on line 116 and defined in [APP\controllers\schools_controller.php, line 298]
2012-10-18 04:27:29 Warning: Warning (2): Missing argument 1 for SchoolsController::biaya_tw4(), called in C:\xampp\htdocs\tipek\cake\libs\object.php on line 116 and defined in [APP\controllers\schools_controller.php, line 307]
2012-10-18 04:27:46 Warning: Warning (2): Missing argument 1 for SchoolsController::biaya_penerimaan(), called in C:\xampp\htdocs\tipek\cake\libs\object.php on line 116 and defined in [APP\controllers\schools_controller.php, line 262]
2012-10-20 06:08:15 Warning: Warning (2): Missing argument 1 for SchoolsController::prasarana_teori_kelas(), called in C:\xampp\htdocs\tipek\cake\libs\object.php on line 116 and defined in [APP\controllers\schools_controller.php, line 352]
2012-10-20 06:08:47 Warning: Warning (2): Missing argument 1 for SchoolsController::prasarana_teori_kelas(), called in C:\xampp\htdocs\tipek\cake\libs\object.php on line 116 and defined in [APP\controllers\schools_controller.php, line 352]
2012-10-21 13:21:25 Warning: Warning (2): Missing argument 1 for SchoolsController::prasarana_teori_kelas(), called in C:\xampp\htdocs\tipek\cake\libs\object.php on line 116 and defined in [APP\controllers\schools_controller.php, line 352]
2012-10-21 15:02:51 Warning: Warning (2): Missing argument 1 for SchoolsController::rekap_prasarana(), called in C:\xampp\htdocs\tipek\cake\libs\object.php on line 116 and defined in [APP\controllers\schools_controller.php, line 773]
2012-10-22 12:29:10 Warning: Warning (2): Missing argument 1 for SchoolsController::sarana(), called in C:\xampp\htdocs\tipek\cake\libs\object.php on line 116 and defined in [APP\controllers\schools_controller.php, line 783]
2012-10-22 15:35:20 Warning: Warning (2): Missing argument 1 for SchoolsController::saranabuku(), called in C:\xampp\htdocs\tipek\cake\libs\object.php on line 116 and defined in [APP\controllers\schools_controller.php, line 793]
2012-10-22 20:50:46 Warning: Warning (2): Missing argument 1 for SchoolsController::saranabuku(), called in C:\xampp\htdocs\tipek\cake\libs\object.php on line 116 and defined in [APP\controllers\schools_controller.php, line 793]
2012-10-22 20:53:26 Warning: Warning (2): Missing argument 1 for SchoolsController::saranabuku(), called in C:\xampp\htdocs\tipek\cake\libs\object.php on line 116 and defined in [APP\controllers\schools_controller.php, line 793]
2012-10-22 20:56:17 Warning: Warning (2): Missing argument 1 for SchoolsController::saranabuku(), called in C:\xampp\htdocs\tipek\cake\libs\object.php on line 116 and defined in [APP\controllers\schools_controller.php, line 793]
2012-10-25 15:39:59 Warning: Warning (2): Missing argument 1 for SchoolsController::saranabuku_siswa(), called in C:\xampp\htdocs\tipek\cake\libs\object.php on line 116 and defined in [APP\controllers\schools_controller.php, line 804]
2012-10-25 15:40:20 Warning: Warning (2): Missing argument 1 for SchoolsController::saranabuku_siswa(), called in C:\xampp\htdocs\tipek\cake\libs\object.php on line 116 and defined in [APP\controllers\schools_controller.php, line 804]
2012-10-25 15:40:32 Warning: Warning (2): Missing argument 1 for SchoolsController::saranabuku_siswa(), called in C:\xampp\htdocs\tipek\cake\libs\object.php on line 116 and defined in [APP\controllers\schools_controller.php, line 804]
2012-10-29 21:06:58 Warning: Warning (2): Missing argument 1 for SchoolsController::jenis(), called in C:\xampp\htdocs\tipek\cake\libs\object.php on line 116 and defined in [APP\controllers\schools_controller.php, line 65]
2012-10-29 21:08:02 Warning: Warning (2): Missing argument 1 for SchoolsController::jenis(), called in C:\xampp\htdocs\tipek\cake\libs\object.php on line 116 and defined in [APP\controllers\schools_controller.php, line 65]
2012-10-29 21:09:05 Warning: Warning (2): Missing argument 1 for SchoolsController::jenis(), called in C:\xampp\htdocs\tipek\cake\libs\object.php on line 116 and defined in [APP\controllers\schools_controller.php, line 65]
2012-10-29 21:10:03 Warning: Warning (2): Missing argument 1 for SchoolsController::jenis(), called in C:\xampp\htdocs\tipek\cake\libs\object.php on line 116 and defined in [APP\controllers\schools_controller.php, line 65]
2012-10-31 20:16:44 Warning: Warning (2): Missing argument 1 for SchoolsController::jenis(), called in C:\xampp\htdocs\tipek\cake\libs\object.php on line 116 and defined in [APP\controllers\schools_controller.php, line 65]
2012-11-01 23:08:35 Warning: Warning (2): Missing argument 1 for SchoolsController::jenis(), called in C:\xampp\htdocs\tipek\cake\libs\object.php on line 116 and defined in [APP\controllers\schools_controller.php, line 65]
2012-11-02 01:35:03 Warning: Warning (2): Missing argument 1 for SchoolsController::jenis(), called in C:\xampp\htdocs\tipek\cake\libs\object.php on line 116 and defined in [APP\controllers\schools_controller.php, line 65]
2012-11-02 10:15:59 Warning: Warning (2): Missing argument 1 for SchoolsController::jenis(), called in C:\xampp\htdocs\tipek\cake\libs\object.php on line 116 and defined in [APP\controllers\schools_controller.php, line 65]
2012-11-02 12:10:00 Warning: Warning (2): Missing argument 1 for SchoolsController::jenis(), called in C:\xampp\htdocs\tipek\cake\libs\object.php on line 116 and defined in [APP\controllers\schools_controller.php, line 65]
2012-11-02 12:10:00 Warning: Warning (2): Missing argument 1 for SchoolsController::jenis(), called in C:\xampp\htdocs\tipek\cake\libs\object.php on line 116 and defined in [APP\controllers\schools_controller.php, line 65]
2012-11-02 12:22:47 Warning: Warning (2): Missing argument 1 for SchoolsController::jenis(), called in C:\xampp\htdocs\tipek\cake\libs\object.php on line 116 and defined in [APP\controllers\schools_controller.php, line 65]
2012-11-02 12:25:14 Warning: Warning (2): Missing argument 1 for SchoolsController::rekap_sekolah(), called in C:\xampp\htdocs\tipek\cake\libs\object.php on line 116 and defined in [APP\controllers\schools_controller.php, line 157]
2012-11-02 12:25:23 Warning: Warning (2): Missing argument 1 for SchoolsController::rekap_sekolah(), called in C:\xampp\htdocs\tipek\cake\libs\object.php on line 116 and defined in [APP\controllers\schools_controller.php, line 157]
2012-11-02 12:26:39 Warning: Warning (2): Missing argument 1 for SchoolsController::rekap_sekolah(), called in C:\xampp\htdocs\tipek\cake\libs\object.php on line 116 and defined in [APP\controllers\schools_controller.php, line 157]
2012-11-02 13:10:18 Warning: Warning (512): <span style = "color:Red;text-align:left"><b>SQL Error:</b> 1054: Unknown column 'School.nama' in 'order clause'</span> in [CORE\cake\libs\model\datasources\dbo_source.php, line 525]
2012-11-02 13:10:18 Warning: Warning (2): Invalid argument supplied for foreach() in [APP\views\schools\jenis.ctp, line 28]
2012-11-02 13:10:19 Warning: Warning (512): <span style = "color:Red;text-align:left"><b>SQL Error:</b> 1054: Unknown column 'School.nama' in 'order clause'</span> in [CORE\cake\libs\model\datasources\dbo_source.php, line 525]
2012-11-02 13:10:57 Warning: Warning (512): <span style = "color:Red;text-align:left"><b>SQL Error:</b> 1054: Unknown column 'School.nama' in 'order clause'</span> in [CORE\cake\libs\model\datasources\dbo_source.php, line 525]
2012-11-02 13:10:57 Warning: Warning (2): Invalid argument supplied for foreach() in [APP\views\schools\jenis.ctp, line 28]
2012-11-02 13:10:57 Warning: Warning (512): <span style = "color:Red;text-align:left"><b>SQL Error:</b> 1054: Unknown column 'School.nama' in 'order clause'</span> in [CORE\cake\libs\model\datasources\dbo_source.php, line 525]
2012-11-02 13:28:31 Warning: Warning (2): Invalid argument supplied for foreach() in [APP\views\schools\jenis.ctp, line 28]
2012-11-02 13:29:04 Warning: Warning (2): Invalid argument supplied for foreach() in [APP\views\schools\jenis.ctp, line 28]
2012-11-02 13:30:24 Warning: Warning (2): Invalid argument supplied for foreach() in [APP\views\schools\jenis.ctp, line 28]
2012-11-02 13:31:22 Warning: Warning (2): Invalid argument supplied for foreach() in [APP\views\schools\jenis.ctp, line 28]
2012-11-02 13:40:10 Warning: Warning (2): Invalid argument supplied for foreach() in [APP\views\schools\jenis.ctp, line 28]
2012-11-02 13:40:58 Warning: Warning (2): Invalid argument supplied for foreach() in [APP\views\schools\jenis.ctp, line 28]
2012-11-02 14:10:13 Warning: Warning (2): Invalid argument supplied for foreach() in [APP\views\schools\status.ctp, line 27]
2012-11-02 14:10:13 Warning: Warning (2): Invalid argument supplied for foreach() in [APP\views\schools\status.ctp, line 46]
2012-11-02 14:10:13 Warning: Warning (2): Invalid argument supplied for foreach() in [APP\views\schools\status.ctp, line 66]
2012-11-02 14:10:13 Warning: Warning (2): Invalid argument supplied for foreach() in [APP\views\schools\status.ctp, line 86]
2012-11-02 14:11:25 Warning: Warning (2): Invalid argument supplied for foreach() in [APP\views\schools\status.ctp, line 27]
2012-11-02 14:11:25 Warning: Warning (2): Invalid argument supplied for foreach() in [APP\views\schools\status.ctp, line 46]
2012-11-02 14:11:25 Warning: Warning (2): Invalid argument supplied for foreach() in [APP\views\schools\status.ctp, line 66]
2012-11-02 14:11:25 Warning: Warning (2): Invalid argument supplied for foreach() in [APP\views\schools\status.ctp, line 86]
2012-11-02 14:14:33 Warning: Warning (2): Invalid argument supplied for foreach() in [APP\views\schools\status.ctp, line 29]
2012-11-02 14:14:33 Warning: Warning (2): Invalid argument supplied for foreach() in [APP\views\schools\status.ctp, line 48]
2012-11-02 14:14:33 Warning: Warning (2): Invalid argument supplied for foreach() in [APP\views\schools\status.ctp, line 68]
2012-11-02 14:14:33 Warning: Warning (2): Invalid argument supplied for foreach() in [APP\views\schools\status.ctp, line 88]
2012-11-02 14:15:27 Warning: Warning (2): Invalid argument supplied for foreach() in [APP\views\schools\status.ctp, line 46]
2012-11-02 14:15:27 Warning: Warning (2): Invalid argument supplied for foreach() in [APP\views\schools\status.ctp, line 66]
2012-11-02 14:15:27 Warning: Warning (2): Invalid argument supplied for foreach() in [APP\views\schools\status.ctp, line 86]
2012-11-02 14:15:55 Warning: Warning (2): Invalid argument supplied for foreach() in [APP\views\schools\status.ctp, line 46]
2012-11-02 14:15:55 Warning: Warning (2): Invalid argument supplied for foreach() in [APP\views\schools\status.ctp, line 66]
2012-11-02 14:15:55 Warning: Warning (2): Invalid argument supplied for foreach() in [APP\views\schools\status.ctp, line 86]
2012-11-02 16:04:28 Warning: Warning (512): <span style = "color:Red;text-align:left"><b>SQL Error:</b> 1048: Column 'standar_mutu' cannot be null</span> in [CORE\cake\libs\model\datasources\dbo_source.php, line 525]
2012-11-02 16:05:18 Warning: Warning (512): <span style = "color:Red;text-align:left"><b>SQL Error:</b> 1048: Column 'total_siswa_laki_kelas12_ipa' cannot be null</span> in [CORE\cake\libs\model\datasources\dbo_source.php, line 525]
2012-11-02 16:07:35 Warning: Warning (512): <span style = "color:Red;text-align:left"><b>SQL Error:</b> 1048: Column 'total_siswa_laki_islam' cannot be null</span> in [CORE\cake\libs\model\datasources\dbo_source.php, line 525]
2012-11-02 16:12:16 Warning: Warning (512): <span style = "color:Red;text-align:left"><b>SQL Error:</b> 1054: Unknown column 'School.kelurahan_id' in 'on clause'</span> in [CORE\cake\libs\model\datasources\dbo_source.php, line 525]
2012-11-02 16:12:17 Warning: Warning (2): Invalid argument supplied for foreach() in [APP\views\schools\index.ctp, line 972]
2012-11-02 16:12:42 Warning: Warning (512): <span style = "color:Red;text-align:left"><b>SQL Error:</b> 1054: Unknown column 'School.kelurahan_id' in 'on clause'</span> in [CORE\cake\libs\model\datasources\dbo_source.php, line 525]
2012-11-02 16:12:43 Warning: Warning (512): <span style = "color:Red;text-align:left"><b>SQL Error:</b> 1054: Unknown column 'School.kelurahan_id' in 'on clause'</span> in [CORE\cake\libs\model\datasources\dbo_source.php, line 525]
2012-11-04 02:26:53 Warning: Warning (2): Missing argument 1 for SchoolsController::jenis(), called in C:\xampp\htdocs\tipek\cake\libs\object.php on line 116 and defined in [APP\controllers\schools_controller.php, line 65]
2012-11-05 23:29:08 Warning: Warning (2): Missing argument 1 for SchoolsController::jenis(), called in /Applications/MAMP/htdocs/tipek/cake/libs/object.php on line 116 and defined in [APP/controllers/schools_controller.php, line 65]
2012-11-06 18:11:32 Warning: Warning (2): Missing argument 1 for SchoolsController::jenis(), called in /Applications/MAMP/htdocs/tipek/cake/libs/object.php on line 116 and defined in [APP/controllers/schools_controller.php, line 65]
2012-11-07 10:31:17 Warning: Warning (2): Missing argument 1 for SchoolsController::jenis(), called in /Applications/MAMP/htdocs/tipek/cake/libs/object.php on line 116 and defined in [APP/controllers/schools_controller.php, line 83]
2012-11-16 14:04:40 Warning: Warning (2): Missing argument 1 for SchoolsController::jenis(), called in /Applications/MAMP/htdocs/tipek/cake/libs/object.php on line 116 and defined in [APP/controllers/schools_controller.php, line 83]
2012-11-16 14:20:34 Warning: Warning (2): Missing argument 1 for SchoolsController::jenis(), called in /Applications/MAMP/htdocs/tipek/cake/libs/object.php on line 116 and defined in [APP/controllers/schools_controller.php, line 83]
2012-11-16 14:29:45 Warning: Warning (2): Missing argument 1 for SchoolsController::jenis(), called in /Applications/MAMP/htdocs/tipek/cake/libs/object.php on line 116 and defined in [APP/controllers/schools_controller.php, line 83]
2012-11-16 15:52:07 Warning: Warning (2): strlen() expects parameter 1 to be string, array given in [CORE/cake/libs/view/helpers/form.php, line 1307]
2012-11-16 15:52:27 Warning: Warning (2): strlen() expects parameter 1 to be string, array given in [CORE/cake/libs/view/helpers/form.php, line 1307]
2012-11-16 16:03:14 Warning: Warning (2): strlen() expects parameter 1 to be string, array given in [CORE/cake/libs/view/helpers/form.php, line 1307]
2012-11-16 16:03:45 Warning: Warning (2): strlen() expects parameter 1 to be string, array given in [CORE/cake/libs/view/helpers/form.php, line 1307]
2012-11-16 16:05:53 Warning: Warning (2): strlen() expects parameter 1 to be string, array given in [CORE/cake/libs/view/helpers/form.php, line 1307]
2012-11-16 16:13:48 Warning: Warning (2): strlen() expects parameter 1 to be string, array given in [CORE/cake/libs/view/helpers/form.php, line 1307]
2012-11-16 16:20:55 Warning: Warning (2): strlen() expects parameter 1 to be string, array given in [CORE/cake/libs/view/helpers/form.php, line 1307]
2012-11-16 16:21:31 Warning: Warning (2): strlen() expects parameter 1 to be string, array given in [CORE/cake/libs/view/helpers/form.php, line 1307]
2012-11-16 16:22:54 Warning: Warning (2): strlen() expects parameter 1 to be string, array given in [CORE/cake/libs/view/helpers/form.php, line 1307]
2012-11-16 16:27:56 Warning: Warning (2): strlen() expects parameter 1 to be string, array given in [CORE/cake/libs/view/helpers/form.php, line 1307]
2012-11-16 16:28:29 Warning: Warning (512): <span style = "color:Red;text-align:left"><b>SQL Error:</b> 1054: Unknown column 'Kelurahan.nama' in 'field list'</span> in [CORE/cake/libs/model/datasources/dbo_source.php, line 525]
2012-11-16 16:28:34 Warning: Warning (512): <span style = "color:Red;text-align:left"><b>SQL Error:</b> 1054: Unknown column 'Kelurahan.nama' in 'field list'</span> in [CORE/cake/libs/model/datasources/dbo_source.php, line 525]
2012-11-16 16:29:43 Warning: Warning (2): strlen() expects parameter 1 to be string, array given in [CORE/cake/libs/view/helpers/form.php, line 1307]
2012-11-16 16:31:50 Warning: Warning (2): strlen() expects parameter 1 to be string, array given in [CORE/cake/libs/view/helpers/form.php, line 1307]
2012-11-16 16:32:37 Warning: Warning (2): strlen() expects parameter 1 to be string, array given in [CORE/cake/libs/view/helpers/form.php, line 1307]
2012-11-16 16:35:33 Warning: Warning (2): strlen() expects parameter 1 to be string, array given in [CORE/cake/libs/view/helpers/form.php, line 1307]
2012-11-16 16:37:38 Warning: Warning (2): strlen() expects parameter 1 to be string, array given in [CORE/cake/libs/view/helpers/form.php, line 1307]
2012-11-16 20:04:43 Warning: Warning (2): strlen() expects parameter 1 to be string, array given in [CORE/cake/libs/view/helpers/form.php, line 1307]
2012-11-16 20:09:15 Warning: Warning (2): strlen() expects parameter 1 to be string, array given in [CORE/cake/libs/view/helpers/form.php, line 1307]
2012-11-16 20:10:58 Warning: Warning (2): strlen() expects parameter 1 to be string, array given in [CORE/cake/libs/view/helpers/form.php, line 1307]
2012-11-16 20:12:14 Warning: Warning (2): strlen() expects parameter 1 to be string, array given in [CORE/cake/libs/view/helpers/form.php, line 1307]
2012-11-16 20:16:40 Warning: Warning (2): strlen() expects parameter 1 to be string, array given in [CORE/cake/libs/view/helpers/form.php, line 1307]
2012-11-16 20:23:57 Warning: Warning (2): strlen() expects parameter 1 to be string, array given in [CORE/cake/libs/view/helpers/form.php, line 1307]
2012-11-16 20:25:11 Warning: Warning (2): strlen() expects parameter 1 to be string, array given in [CORE/cake/libs/view/helpers/form.php, line 1307]
2012-11-16 20:26:11 Warning: Warning (2): strlen() expects parameter 1 to be string, array given in [CORE/cake/libs/view/helpers/form.php, line 1307]
2012-11-16 20:26:17 Warning: Warning (512): <span style = "color:Red;text-align:left"><b>SQL Error:</b> 1054: Unknown column 'MasterSekolah.level' in 'where clause'</span> in [CORE/cake/libs/model/datasources/dbo_source.php, line 525]
2012-11-16 20:26:24 Warning: Warning (512): <span style = "color:Red;text-align:left"><b>SQL Error:</b> 1054: Unknown column 'MasterSekolah.level' in 'where clause'</span> in [CORE/cake/libs/model/datasources/dbo_source.php, line 525]
2012-11-16 20:26:31 Warning: Warning (512): <span style = "color:Red;text-align:left"><b>SQL Error:</b> 1054: Unknown column 'MasterSekolah.level' in 'where clause'</span> in [CORE/cake/libs/model/datasources/dbo_source.php, line 525]
2012-11-16 20:26:43 Warning: Warning (512): <span style = "color:Red;text-align:left"><b>SQL Error:</b> 1054: Unknown column 'MasterSekolah.level' in 'where clause'</span> in [CORE/cake/libs/model/datasources/dbo_source.php, line 525]
2012-11-16 20:26:47 Warning: Warning (512): <span style = "color:Red;text-align:left"><b>SQL Error:</b> 1054: Unknown column 'MasterSekolah.level' in 'where clause'</span> in [CORE/cake/libs/model/datasources/dbo_source.php, line 525]
2012-11-16 20:27:29 Warning: Warning (2): strlen() expects parameter 1 to be string, array given in [CORE/cake/libs/view/helpers/form.php, line 1307]
2012-11-18 14:07:01 Warning: Warning (2): Missing argument 1 for SchoolsController::jenis(), called in /Applications/MAMP/htdocs/tipek/cake/libs/object.php on line 116 and defined in [APP/controllers/schools_controller.php, line 84]
